<?xml version="1.0" encoding="UTF-8" ?>
<testsuite errors="2" failures="0" hostname="localhost" name="io.github.teamfractal.entity.LandPlotTest" skipped="0" tests="2" time="0.063" timestamp="2017-02-18T13:57:16">
  <properties>
    <property name="java.vendor" value="Oracle Corporation" />
    <property name="env.SESSION_MANAGER" value="local/JoshPC:@/tmp/.ICE-unix/343,unix/JoshPC:/tmp/.ICE-unix/343" />
    <property name="env.LIBOVERLAY_SCROLLBAR" value="0" />
    <property name="env.MOZ_PLUGIN_PATH" value="/usr/lib/mozilla/plugins" />
    <property name="sun.java.launcher" value="SUN_STANDARD" />
    <property name="sun.management.compiler" value="HotSpot 64-Bit Tiered Compilers" />
    <property name="os.name" value="Linux" />
    <property name="sun.boot.class.path" value="/usr/lib/jvm/java-8-openjdk/jre/lib/resources.jar:/usr/lib/jvm/java-8-openjdk/jre/lib/rt.jar:/usr/lib/jvm/java-8-openjdk/jre/lib/sunrsasign.jar:/usr/lib/jvm/java-8-openjdk/jre/lib/jsse.jar:/usr/lib/jvm/java-8-openjdk/jre/lib/jce.jar:/usr/lib/jvm/java-8-openjdk/jre/lib/charsets.jar:/usr/lib/jvm/java-8-openjdk/jre/lib/jfr.jar:/usr/lib/jvm/java-8-openjdk/jre/classes" />
    <property name="env.PWD" value="/home/josh" />
    <property name="sun.desktop" value="gnome" />
    <property name="env.LANG" value="en_US.UTF-8" />
    <property name="java.vm.specification.vendor" value="Oracle Corporation" />
    <property name="env.XDG_MENU_PREFIX" value="gnome-" />
    <property name="ant.home" value="/usr/lib/eclipse/plugins/org.apache.ant_1.9.6.v201510161327" />
    <property name="java.runtime.version" value="1.8.0_112-b15" />
    <property name="env.XDG_VTNR" value="1" />
    <property name="env.DISPLAY" value=":0" />
    <property name="env.GJS_DEBUG_TOPICS" value="JS ERROR;JS LOG" />
    <property name="user.name" value="josh" />
    <property name="env.USER" value="josh" />
    <property name="env.SHELL" value="/bin/bash" />
    <property name="env.NLSPATH" value="/usr/dt/lib/nls/msg/%L/%N.cat" />
    <property name="env.GJS_DEBUG_OUTPUT" value="stderr" />
    <property name="env.PATH" value="/usr/local/sbin:/usr/local/bin:/usr/bin:/usr/lib/jvm/default/bin:/usr/bin/site_perl:/usr/bin/vendor_perl:/usr/bin/core_perl" />
    <property name="env.XDG_CURRENT_DESKTOP" value="GNOME" />
    <property name="user.language" value="en" />
    <property name="env.LC_MONETARY" value="en_GB.UTF-8" />
    <property name="sun.boot.library.path" value="/usr/lib/jvm/java-8-openjdk/jre/lib/amd64" />
    <property name="ant.project.default-target" value="build" />
    <property name="ant.project.name" value="test" />
    <property name="java.version" value="1.8.0_112" />
    <property name="user.timezone" value="" />
    <property name="env.DBUS_SESSION_BUS_ADDRESS" value="unix:path=/run/user/1000/bus" />
    <property name="sun.arch.data.model" value="64" />
    <property name="java.endorsed.dirs" value="/usr/lib/jvm/java-8-openjdk/jre/lib/endorsed" />
    <property name="sun.cpu.isalist" value="" />
    <property name="env.LC_PAPER" value="en_GB.UTF-8" />
    <property name="sun.jnu.encoding" value="ANSI_X3.4-1968" />
    <property name="file.encoding.pkg" value="sun.io" />
    <property name="env.SHLVL" value="2" />
    <property name="file.separator" value="/" />
    <property name="java.specification.name" value="Java Platform API Specification" />
    <property name="env.GNOME_DESKTOP_SESSION_ID" value="this-is-deprecated" />
    <property name="java.class.version" value="52.0" />
    <property name="user.country" value="US" />
    <property name="env.GRADLE_HOME" value="/usr/share/java/gradle" />
    <property name="java.home" value="/usr/lib/jvm/java-8-openjdk/jre" />
    <property name="java.vm.info" value="mixed mode" />
    <property name="env.LOGNAME" value="josh" />
    <property name="ant.file" value="/home/josh/SEPR/Roboticon-Quest/test/build.xml" />
    <property name="os.version" value="4.8.13-1-ARCH" />
    <property name="path.separator" value=":" />
    <property name="java.vm.version" value="25.112-b15" />
    <property name="ant.library.dir" value="/usr/lib/eclipse/plugins/org.apache.ant_1.9.6.v201510161327/lib" />
    <property name="junit.output.dir" value="junit" />
    <property name="env.QT_QPA_PLATFORMTHEME" value="qgnomeplatform" />
    <property name="java.awt.printerjob" value="sun.print.PSPrinterJob" />
    <property name="env.TERM" value="linux" />
    <property name="env.WINDOWPATH" value="1" />
    <property name="sun.io.unicode.encoding" value="UnicodeLittle" />
    <property name="awt.toolkit" value="sun.awt.X11.XToolkit" />
    <property name="env.OXYGEN_DISABLE_INNER_SHADOWS_HACK" value="1" />
    <property name="env.LC_MEASUREMENT" value="en_GB.UTF-8" />
    <property name="user.home" value="/home/josh" />
    <property name="target" value="1.8" />
    <property name="java.specification.vendor" value="Oracle Corporation" />
    <property name="java.library.path" value="/usr/java/packages/lib/amd64:/usr/lib64:/lib64:/lib:/usr/lib" />
    <property name="java.vendor.url" value="http://java.oracle.com/" />
    <property name="env.GIO_LAUNCHED_DESKTOP_FILE" value="/usr/share/applications/eclipse.desktop" />
    <property name="env.XDG_SEAT" value="seat0" />
    <property name="java.vm.vendor" value="Oracle Corporation" />
    <property name="java.runtime.name" value="OpenJDK Runtime Environment" />
    <property name="ant.version" value="Apache Ant(TM) version 1.9.6 compiled on June 29 2015" />
    <property name="sun.java.command" value="org.apache.tools.ant.taskdefs.optional.junit.JUnitTestRunner io.github.teamfractal.entity.LandPlotTest skipNonTests=false filtertrace=true haltOnError=false haltOnFailure=false formatter=org.apache.tools.ant.taskdefs.optional.junit.OutErrSummaryJUnitResultFormatter showoutput=false outputtoformatters=true logfailedtests=true threadid=0 logtestlistenerevents=false formatter=org.apache.tools.ant.taskdefs.optional.junit.XMLJUnitResultFormatter,/home/josh/SEPR/Roboticon-Quest/test/junit/TEST-io.github.teamfractal.entity.LandPlotTest.xml crashfile=/home/josh/SEPR/Roboticon-Quest/test/junitvmwatcher5230187058966906965.properties propsfile=/home/josh/SEPR/Roboticon-Quest/test/junit4946635115066537815.properties" />
    <property name="java.class.path" value="/home/josh/SEPR/Roboticon-Quest/test/bin:/home/josh/.gradle/caches/modules-2/files-2.1/org.jmockit/jmockit/1.8/1fc0b7dcb5195d23affec178537770fed9b66e03/jmockit-1.8.jar:/home/josh/.gradle/caches/modules-2/files-2.1/com.badlogicgames.gdx/gdx/1.9.4/4b4b7962d1bc75af0438f5c81ec1010557bc9ee5/gdx-1.9.4.jar:/home/josh/.gradle/caches/modules-2/files-2.1/com.badlogicgames.gdx/gdx-box2d/1.9.4/98a0d25c9f0637fecac6e4aacf7287aa635964f5/gdx-box2d-1.9.4.jar:/home/josh/.gradle/caches/modules-2/files-2.1/com.badlogicgames.box2dlights/box2dlights/1.4/3d77ad5b4164fb32fc67e2446e35911bb0aaf0bd/box2dlights-1.4.jar:/home/josh/.gradle/caches/modules-2/files-2.1/com.badlogicgames.gdx/gdx-bullet/1.9.4/971a174538f313b9f975b8a6bbdf3aad04bb564d/gdx-bullet-1.9.4.jar:/home/josh/.gradle/caches/modules-2/files-2.1/com.badlogicgames.gdx/gdx-freetype/1.9.4/8816dd669b8ca09e7d5e9575807e92c4318f708/gdx-freetype-1.9.4.jar:/home/josh/.gradle/caches/modules-2/files-2.1/com.badlogicgames.ashley/ashley/1.7.0/a7c4083c0a42027a3c03ba7ccecef6cbe1c5f0a4/ashley-1.7.0.jar:/home/josh/.gradle/caches/modules-2/files-2.1/com.badlogicgames.gdx/gdx-ai/1.8.0/ec30677d8ab1a8b8aa4b853c5f4e4b1361f50bf5/gdx-ai-1.8.0.jar:/home/josh/.gradle/caches/modules-2/files-2.1/com.badlogicgames.gdx/gdx-controllers/1.9.4/d182ca36785df4226ef63009a3d96462952665c3/gdx-controllers-1.9.4.jar:/home/josh/.gradle/caches/modules-2/files-2.1/com.badlogicgames.gdx/gdx-backend-lwjgl/1.9.4/4c6c108a9dcbc07096de8594b93f9cab33856fe2/gdx-backend-lwjgl-1.9.4.jar:/home/josh/.gradle/caches/modules-2/files-2.1/com.badlogicgames.gdx/gdx-platform/1.9.4/8e93afecc287ab152179983fc1b5f65db4c2fa4c/gdx-platform-1.9.4-natives-desktop.jar:/home/josh/.gradle/caches/modules-2/files-2.1/org.mockito/mockito-core/1.10.19/e8546f5bef4e061d8dd73895b4e8f40e3fe6effe/mockito-core-1.10.19.jar:/home/josh/.gradle/caches/modules-2/files-2.1/junit/junit/4.12/2973d150c0dc1fefe998f834810d68f278ea58ec/junit-4.12.jar:/home/josh/.gradle/caches/modules-2/files-2.1/org.lwjgl.lwjgl/lwjgl/2.9.2/a9d80fe5935c7a9149f6584d9777cfd471f65489/lwjgl-2.9.2.jar:/home/josh/.gradle/caches/modules-2/files-2.1/org.lwjgl.lwjgl/lwjgl_util/2.9.2/4b9e37300a87799856e0bd15ed81663cdb6b0947/lwjgl_util-2.9.2.jar:/home/josh/.gradle/caches/modules-2/files-2.1/com.badlogicgames.jlayer/jlayer/1.0.1-gdx/7cca83cec5c1b2f011362f4d85aabd71a73b049d/jlayer-1.0.1-gdx.jar:/home/josh/.gradle/caches/modules-2/files-2.1/org.jcraft/jorbis/0.0.17/8872d22b293e8f5d7d56ff92be966e6dc28ebdc6/jorbis-0.0.17.jar:/home/josh/.gradle/caches/modules-2/files-2.1/org.objenesis/objenesis/2.1/87c0ea803b69252868d09308b4618f766f135a96/objenesis-2.1.jar:/home/josh/.gradle/caches/modules-2/files-2.1/org.lwjgl.lwjgl/lwjgl-platform/2.9.2/510c7d317f5e9e700b9cfaac5fd38bdebf0702e0/lwjgl-platform-2.9.2-natives-windows.jar:/home/josh/.gradle/caches/modules-2/files-2.1/org.lwjgl.lwjgl/lwjgl-platform/2.9.2/d276cdf61fe2b516c7b7f4aa1b8dea91dbdc8d56/lwjgl-platform-2.9.2-natives-linux.jar:/home/josh/.gradle/caches/modules-2/files-2.1/org.lwjgl.lwjgl/lwjgl-platform/2.9.2/d55b46b40b40249d627a83a7f7f22649709d70c3/lwjgl-platform-2.9.2-natives-osx.jar:/home/josh/.gradle/caches/modules-2/files-2.1/net.java.jinput/jinput/2.0.5/39c7796b469a600f72380316f6b1f11db6c2c7c4/jinput-2.0.5.jar:/home/josh/.gradle/caches/modules-2/files-2.1/net.java.jutils/jutils/1.0.0/e12fe1fda814bd348c1579329c86943d2cd3c6a6/jutils-1.0.0.jar:/home/josh/.gradle/caches/modules-2/files-2.1/net.java.jinput/jinput-platform/2.0.5/7ff832a6eb9ab6a767f1ade2b548092d0fa64795/jinput-platform-2.0.5-natives-linux.jar:/home/josh/.gradle/caches/modules-2/files-2.1/net.java.jinput/jinput-platform/2.0.5/385ee093e01f587f30ee1c8a2ee7d408fd732e16/jinput-platform-2.0.5-natives-windows.jar:/home/josh/.gradle/caches/modules-2/files-2.1/net.java.jinput/jinput-platform/2.0.5/53f9c919f34d2ca9de8c51fc4e1e8282029a9232/jinput-platform-2.0.5-natives-osx.jar:/home/josh/.gradle/caches/modules-2/files-2.1/org.hamcrest/hamcrest-core/1.3/42a25dc3219429f0e5d060061f71acb49bf010a0/hamcrest-core-1.3.jar:/home/josh/Downloads/junit-4.12.jar:/usr/lib/eclipse/plugins/org.apache.ant_1.9.6.v201510161327/lib/ant-launcher.jar:/usr/lib/eclipse/plugins/org.apache.ant_1.9.6.v201510161327/lib/ant.jar:/usr/lib/eclipse/plugins/org.apache.ant_1.9.6.v201510161327/lib/ant-junit.jar:/usr/lib/eclipse/plugins/org.apache.ant_1.9.6.v201510161327/lib/ant-junit4.jar" />
    <property name="env.XDG_SESSION_ID" value="c1" />
    <property name="env.XFILESEARCHPATH" value="/usr/dt/app-defaults/%L/Dt" />
    <property name="java.vm.specification.name" value="Java Virtual Machine Specification" />
    <property name="java.vm.specification.version" value="1.8" />
    <property name="sun.cpu.endian" value="little" />
    <property name="sun.os.patch.level" value="unknown" />
    <property name="debuglevel" value="source,lines,vars" />
    <property name="env.HOME" value="/home/josh" />
    <property name="env.ANT_HOME" value="/usr/lib/eclipse/plugins/org.apache.ant_1.9.6.v201510161327" />
    <property name="java.io.tmpdir" value="/tmp" />
    <property name="java.vendor.url.bug" value="http://bugreport.sun.com/bugreport/" />
    <property name="env.SSH_AUTH_SOCK" value="/run/user/1000/keyring/ssh" />
    <property name="ant.file.test" value="/home/josh/SEPR/Roboticon-Quest/test/build.xml" />
    <property name="env.ECLIPSE_HOME" value="/usr/lib/eclipse" />
    <property name="ant.file.type.test" value="file" />
    <property name="os.arch" value="amd64" />
    <property name="java.awt.graphicsenv" value="sun.awt.X11GraphicsEnvironment" />
    <property name="env.XDG_RUNTIME_DIR" value="/run/user/1000" />
    <property name="java.ext.dirs" value="/usr/lib/jvm/java-8-openjdk/jre/lib/ext:/usr/java/packages/lib/ext" />
    <property name="user.dir" value="/home/josh/SEPR/Roboticon-Quest/test" />
    <property name="env.XAUTHORITY" value="/home/josh/.Xauthority" />
    <property name="env.GDK_SCALE" value="1" />
    <property name="env.GTK_MODULES" value="canberra-gtk-module" />
    <property name="line.separator" value="&#xa;" />
    <property name="env.LC_NUMERIC" value="en_GB.UTF-8" />
    <property name="java.vm.name" value="OpenJDK 64-Bit Server VM" />
    <property name="env.GDK_CORE_DEVICE_EVENTS" value="1" />
    <property name="basedir" value="/home/josh/SEPR/Roboticon-Quest/test" />
    <property name="ant.java.version" value="1.8" />
    <property name="ant.core.lib" value="/usr/lib/eclipse/plugins/org.apache.ant_1.9.6.v201510161327/lib/ant.jar" />
    <property name="env.LC_TIME" value="en_GB.UTF-8" />
    <property name="source" value="1.8" />
    <property name="file.encoding" value="ANSI_X3.4-1968" />
    <property name="env.MAIL" value="/var/spool/mail/josh" />
    <property name="env.GIO_LAUNCHED_DESKTOP_FILE_PID" value="6287" />
    <property name="java.specification.version" value="1.8" />
    <property name="ant.project.invoked-targets" value="build,test,junitreport" />
  </properties>
  <testcase classname="io.github.teamfractal.entity.LandPlotTest$LandPlotParamTests" name="initializationError" time="0.008">
    <error message="io/github/teamfractal/entity/enums/ResourceType" type="java.lang.NoClassDefFoundError">java.lang.NoClassDefFoundError: io/github/teamfractal/entity/enums/ResourceType
	at java.lang.Class.getDeclaredConstructors0(Native Method)
	at java.lang.Class.privateGetDeclaredConstructors(Class.java:2671)
	at java.lang.Class.getConstructors(Class.java:1651)
	at java.lang.reflect.Constructor.newInstance(Constructor.java:423)
	at java.lang.reflect.Constructor.newInstance(Constructor.java:423)
	at java.lang.reflect.Constructor.newInstance(Constructor.java:423)
Caused by: java.lang.ClassNotFoundException: io.github.teamfractal.entity.enums.ResourceType
	at java.net.URLClassLoader.findClass(URLClassLoader.java:381)
	at java.lang.ClassLoader.loadClass(ClassLoader.java:424)
	at sun.misc.Launcher$AppClassLoader.loadClass(Launcher.java:331)
	at java.lang.ClassLoader.loadClass(ClassLoader.java:357)
</error>
  </testcase>
  <testcase classname="io.github.teamfractal.entity.LandPlotTest$LandPlotSingleTests" name="initializationError" time="0.001">
    <error message="Lio/github/teamfractal/entity/LandPlot;" type="java.lang.NoClassDefFoundError">java.lang.NoClassDefFoundError: Lio/github/teamfractal/entity/LandPlot;
	at java.lang.Class.getDeclaredFields0(Native Method)
	at java.lang.Class.privateGetDeclaredFields(Class.java:2583)
	at java.lang.Class.getDeclaredFields(Class.java:1916)
	at java.lang.reflect.Constructor.newInstance(Constructor.java:423)
	at java.lang.reflect.Constructor.newInstance(Constructor.java:423)
Caused by: java.lang.ClassNotFoundException: io.github.teamfractal.entity.LandPlot
	at java.net.URLClassLoader.findClass(URLClassLoader.java:381)
	at java.lang.ClassLoader.loadClass(ClassLoader.java:424)
	at sun.misc.Launcher$AppClassLoader.loadClass(Launcher.java:331)
	at java.lang.ClassLoader.loadClass(ClassLoader.java:357)
</error>
  </testcase>
  <system-out><![CDATA[]]></system-out>
  <system-err><![CDATA[]]></system-err>
</testsuite>
